<?xml version="1.0" encoding="UTF-8"?>
<testsuite xmlns:xsi="http://www.w3.org/2001/XMLSchema-instance" xsi:noNamespaceSchemaLocation="https://maven.apache.org/surefire/maven-surefire-plugin/xsd/surefire-test-report-3.0.xsd" version="3.0" name="testsuite.GameModelTest" time="0.095" tests="4" errors="0" skipped="0" failures="0">
  <properties>
[...]
</properties>
  <testcase name="testDetermineWinnerPlayer1Wins" classname="testsuite.GameModelTest" time="0.005"/>
  <testcase name="testDetermineWinnerPlayer2Wins" classname="testsuite.GameModelTest" time="0.0"/>
  <testcase name="testDetermineWinnerDraw" classname="testsuite.GameModelTest" time="0.0"/>
  <testcase name="testGetRandomChoice" classname="testsuite.GameModelTest" time="0.0"/>
</testsuite>